<?xml version="1.0" encoding="UTF-8"?>
<!-- Generated by org.testng.reporters.JUnitReportReporter -->
<testsuite skipped="0" hostname="DESKTOP-20QI2OV" name="com.demoworkshop.qa.Test.DemoWorkShop_End_To_End" tests="1" failures="0" timestamp="2020-06-19T21:09:39 IST" time="7.878" errors="0">
  <testcase name="TC001_LoginToDemoWebshop" time="7.878" classname="com.demoworkshop.qa.Test.DemoWorkShop_End_To_End"/>
  <system-out/>
</testsuite> <!-- com.demoworkshop.qa.Test.DemoWorkShop_End_To_End -->
