<?xml version="1.0" encoding="UTF-8"?>
<!-- Generated by org.testng.reporters.JUnitReportReporter -->
<testsuite skipped="0" hostname="DESKTOP-20QI2OV" name="com.demoworkshop.qa.Test.DemoWorkShop_End_To_End" tests="1" failures="0" timestamp="2020-06-18T18:39:09 IST" time="20.947" errors="0">
  <testcase name="TC003_Books_link" time="20.947" classname="com.demoworkshop.qa.Test.DemoWorkShop_End_To_End"/>
  <system-out>
Clicking on Books Link Verifying the Books page is displayed Books page is displayed with expected :Books is matched with Actual value : Books Selecting product position by it index value   Selecting display size of product Selecting view of products  Selecting Computing and Internet Book  Adding Quantity of Computing and Internet Book  Navigating back to Book page  Clicking on Books Link Adding Quantity of Fiction Book  Navigating back to Book page  adding Health Book to cart Adding Quantity of Health Book  Navigating back to Book page  Adding Science Book to cart Adding Quantity of Science Book   </system-out>
</testsuite> <!-- com.demoworkshop.qa.Test.DemoWorkShop_End_To_End -->
